Determining if the pthread_create exist failed with the following output:
Change Dir: /home/jorge/gazebo/build/CMakeFiles/CMakeTmp

Run Build Command:"/usr/bin/make" "cmTC_5fa9c/fast"
/usr/bin/make -f CMakeFiles/cmTC_5fa9c.dir/build.make CMakeFiles/cmTC_5fa9c.dir/build
make[1]: se entra en el directorio '/home/jorge/gazebo/build/CMakeFiles/CMakeTmp'
Building C object CMakeFiles/cmTC_5fa9c.dir/CheckSymbolExists.c.o
/usr/bin/cc     -o CMakeFiles/cmTC_5fa9c.dir/CheckSymbolExists.c.o   -c /home/jorge/gazebo/build/CMakeFiles/CMakeTmp/CheckSymbolExists.c
Linking C executable cmTC_5fa9c
/usr/bin/cmake -E cmake_link_script CMakeFiles/cmTC_5fa9c.dir/link.txt --verbose=1
/usr/bin/cc       CMakeFiles/cmTC_5fa9c.dir/CheckSymbolExists.c.o  -o cmTC_5fa9c -rdynamic 
CMakeFiles/cmTC_5fa9c.dir/CheckSymbolExists.c.o: En la función `main':
CheckSymbolExists.c:(.text+0x16): referencia a `pthread_create' sin definir
collect2: error: ld returned 1 exit status
CMakeFiles/cmTC_5fa9c.dir/build.make:97: fallo en las instrucciones para el objetivo 'cmTC_5fa9c'
make[1]: *** [cmTC_5fa9c] Error 1
make[1]: se sale del directorio '/home/jorge/gazebo/build/CMakeFiles/CMakeTmp'
Makefile:126: fallo en las instrucciones para el objetivo 'cmTC_5fa9c/fast'
make: *** [cmTC_5fa9c/fast] Error 2

File /home/jorge/gazebo/build/CMakeFiles/CMakeTmp/CheckSymbolExists.c:
/* */
#include <pthread.h>

int main(int argc, char** argv)
{
  (void)argv;
#ifndef pthread_create
  return ((int*)(&pthread_create))[argc];
#else
  (void)argc;
  return 0;
#endif
}

Determining if the function pthread_create exists in the pthreads failed with the following output:
Change Dir: /home/jorge/gazebo/build/CMakeFiles/CMakeTmp

Run Build Command:"/usr/bin/make" "cmTC_c8cb9/fast"
/usr/bin/make -f CMakeFiles/cmTC_c8cb9.dir/build.make CMakeFiles/cmTC_c8cb9.dir/build
make[1]: se entra en el directorio '/home/jorge/gazebo/build/CMakeFiles/CMakeTmp'
Building C object CMakeFiles/cmTC_c8cb9.dir/CheckFunctionExists.c.o
/usr/bin/cc    -DCHECK_FUNCTION_EXISTS=pthread_create   -o CMakeFiles/cmTC_c8cb9.dir/CheckFunctionExists.c.o   -c /usr/share/cmake-3.5/Modules/CheckFunctionExists.c
Linking C executable cmTC_c8cb9
/usr/bin/cmake -E cmake_link_script CMakeFiles/cmTC_c8cb9.dir/link.txt --verbose=1
/usr/bin/cc   -DCHECK_FUNCTION_EXISTS=pthread_create    CMakeFiles/cmTC_c8cb9.dir/CheckFunctionExists.c.o  -o cmTC_c8cb9 -rdynamic -lpthreads 
/usr/bin/ld: no se puede encontrar -lpthreads
collect2: error: ld returned 1 exit status
CMakeFiles/cmTC_c8cb9.dir/build.make:97: fallo en las instrucciones para el objetivo 'cmTC_c8cb9'
make[1]: *** [cmTC_c8cb9] Error 1
make[1]: se sale del directorio '/home/jorge/gazebo/build/CMakeFiles/CMakeTmp'
Makefile:126: fallo en las instrucciones para el objetivo 'cmTC_c8cb9/fast'
make: *** [cmTC_c8cb9/fast] Error 2


